#
# There is insufficient memory for the Java Runtime Environment to continue.
# Native memory allocation (mmap) failed to map 65536 bytes for Failed to commit metaspace.
# Possible reasons:
#   The system is out of physical RAM or swap space
#   The process is running with CompressedOops enabled, and the Java Heap may be blocking the growth of the native heap
# Possible solutions:
#   Reduce memory load on the system
#   Increase physical memory or swap space
#   Check if swap backing store is full
#   Decrease Java heap size (-Xmx/-Xms)
#   Decrease number of Java threads
#   Decrease Java thread stack sizes (-Xss)
#   Set larger code cache with -XX:ReservedCodeCacheSize=
#   JVM is running with Unscaled Compressed Oops mode in which the Java heap is
#     placed in the first 4GB address space. The Java Heap base address is the
#     maximum limit for the native heap growth. Please use -XX:HeapBaseMinAddress
#     to set the Java Heap base and to place the Java Heap above 4GB virtual address.
# This output file may be truncated or incomplete.
#
#  Out of Memory Error (virtualSpaceNode.cpp:110), pid=9096, tid=1520
#
# JRE version: OpenJDK Runtime Environment Temurin-17.0.3+7 (17.0.3+7) (build 17.0.3+7)
# Java VM: OpenJDK 64-Bit Server VM Temurin-17.0.3+7 (17.0.3+7, mixed mode, tiered, compressed oops, compressed class ptrs, g1 gc, windows-amd64)
# No core dump will be written. Minidumps are not enabled by default on client versions of Windows
#

---------------  S U M M A R Y ------------

Command Line: -Dfile.encoding=UTF-8 --module-path=C:\Users\CS219-user\git\CelebrityCompatibility\bin;C:\JavaFX\javafx-sdk-16\lib\javafx-swt.jar;C:\JavaFX\javafx-sdk-16\lib\javafx.base.jar;C:\JavaFX\javafx-sdk-16\lib\javafx.controls.jar;C:\JavaFX\javafx-sdk-16\lib\javafx.fxml.jar;C:\JavaFX\javafx-sdk-16\lib\javafx.graphics.jar;C:\JavaFX\javafx-sdk-16\lib\javafx.media.jar;C:\JavaFX\javafx-sdk-16\lib\javafx.swing.jar;C:\JavaFX\javafx-sdk-16\lib\javafx.web.jar;C:\Program Files\Eclipse\plugins\org.eclipse.fx.ide.css.jfx8_3.8.0.202204150904.jar -XX:+ShowCodeDetailsInExceptionMessages -Djdk.module.main=CelebrityCompatibilityTest CelebrityCompatibilityTest/application.main

Host: Intel(R) Xeon(R) Platinum 8272CL CPU @ 2.60GHz, 2 cores, 3G,  Windows 11 , 64 bit Build 22000 (10.0.22000.708)
Time: Thu Nov 24 23:00:20 2022 Mountain Standard Time elapsed time: 0.141529 seconds (0d 0h 0m 0s)

---------------  T H R E A D  ---------------

Current thread (0x00000180e32aeb00):  JavaThread "main" [_thread_in_vm, id=1520, stack(0x0000006124400000,0x0000006124500000)]

Stack: [0x0000006124400000,0x0000006124500000]
Native frames: (J=compiled Java code, j=interpreted, Vv=VM code, C=native code)
V  [jvm.dll+0x675efa]
V  [jvm.dll+0x830a24]
V  [jvm.dll+0x8321ce]
V  [jvm.dll+0x832833]
V  [jvm.dll+0x2454b5]
V  [jvm.dll+0x82c9cb]
V  [jvm.dll+0x61ab26]
V  [jvm.dll+0x61ab8a]
V  [jvm.dll+0x61d3aa]
V  [jvm.dll+0x61b4c6]
V  [jvm.dll+0x23ae70]
V  [jvm.dll+0x1eab7d]
V  [jvm.dll+0x1e05b1]
V  [jvm.dll+0x53bb80]
V  [jvm.dll+0x1f0da7]
V  [jvm.dll+0x7aae5b]
V  [jvm.dll+0x7ac202]
V  [jvm.dll+0x7ac538]
V  [jvm.dll+0x23d79e]
V  [jvm.dll+0x23d9ef]
V  [jvm.dll+0x559208]
V  [jvm.dll+0x55c070]
V  [jvm.dll+0x382dc7]
V  [jvm.dll+0x38241f]
C  0x00000180e698a582

Java frames: (J=compiled Java code, j=interpreted, Vv=VM code)
j  jdk.internal.module.ModulePath.of(Ljdk/internal/module/ModulePatcher;[Ljava/nio/file/Path;)Ljava/lang/module/ModuleFinder;+4 java.base
j  jdk.internal.module.ModuleBootstrap.finderFor(Ljava/lang/String;)Ljava/lang/module/ModuleFinder;+79 java.base
j  jdk.internal.module.ModuleBootstrap.boot2()Ljava/lang/ModuleLayer;+8 java.base
j  jdk.internal.module.ModuleBootstrap.boot()Ljava/lang/ModuleLayer;+64 java.base
j  java.lang.System.initPhase2(ZZ)I+0 java.base
v  ~StubRoutines::call_stub

---------------  P R O C E S S  ---------------

Threads class SMR info:
_java_thread_list=0x00000180f9fd2c00, length=10, elements={
0x00000180e32aeb00, 0x00000180f9fb9be0, 0x00000180f9fbc1c0, 0x00000180f9fd4e00,
0x00000180fa01e010, 0x00000180fa01f070, 0x00000180fa0200d0, 0x00000180fa025a60,
0x00000180fa027c20, 0x00000180fa03bcc0
}

Java Threads: ( => current thread )
=>0x00000180e32aeb00 JavaThread "main" [_thread_in_vm, id=1520, stack(0x0000006124400000,0x0000006124500000)]
  0x00000180f9fb9be0 JavaThread "Reference Handler" daemon [_thread_blocked, id=3844, stack(0x0000006124b00000,0x0000006124c00000)]
  0x00000180f9fbc1c0 JavaThread "Finalizer" daemon [_thread_blocked, id=10004, stack(0x0000006124c00000,0x0000006124d00000)]
  0x00000180f9fd4e00 JavaThread "Signal Dispatcher" daemon [_thread_blocked, id=1332, stack(0x0000006124d00000,0x0000006124e00000)]
  0x00000180fa01e010 JavaThread "Attach Listener" daemon [_thread_blocked, id=8356, stack(0x0000006124e00000,0x0000006124f00000)]
  0x00000180fa01f070 JavaThread "Service Thread" daemon [_thread_blocked, id=6836, stack(0x0000006124f00000,0x0000006125000000)]
  0x00000180fa0200d0 JavaThread "Monitor Deflation Thread" daemon [_thread_blocked, id=8876, stack(0x0000006125000000,0x0000006125100000)]
  0x00000180fa025a60 JavaThread "C2 CompilerThread0" daemon [_thread_blocked, id=5920, stack(0x0000006125100000,0x0000006125200000)]
  0x00000180fa027c20 JavaThread "C1 CompilerThread0" daemon [_thread_blocked, id=1644, stack(0x0000006125200000,0x0000006125300000)]
  0x00000180fa03bcc0 JavaThread "Sweeper thread" daemon [_thread_blocked, id=3912, stack(0x0000006125300000,0x0000006125400000)]

Other Threads:
  0x00000180f9fb5f00 VMThread "VM Thread" [stack: 0x0000006124a00000,0x0000006124b00000] [id=8844]
  0x00000180e32ea540 GCTaskThread "GC Thread#0" [stack: 0x0000006124500000,0x0000006124600000] [id=10724]
  0x00000180e32f3480 ConcurrentGCThread "G1 Main Marker" [stack: 0x0000006124600000,0x0000006124700000] [id=2824]
  0x00000180e32f4790 ConcurrentGCThread "G1 Conc#0" [stack: 0x0000006124700000,0x0000006124800000] [id=10368]
  0x00000180e3339280 ConcurrentGCThread "G1 Refine#0" [stack: 0x0000006124800000,0x0000006124900000] [id=2176]
  0x00000180e333adb0 ConcurrentGCThread "G1 Service" [stack: 0x0000006124900000,0x0000006124a00000] [id=2012]

Threads with active compile tasks:

VM state: not at safepoint (normal execution)

VM Mutex/Monitor currently owned by a thread:  ([mutex/lock_event])
[0x00000180e32a7ca0] Metaspace_lock - owner thread: 0x00000180e32aeb00

Heap address: 0x00000000c0000000, size: 1024 MB, Compressed Oops mode: 32-bit

CDS archive(s) not mapped
Compressed class space mapped at: 0x0000000100000000-0x0000000140000000, reserved size: 1073741824
Narrow klass base: 0x0000000000000000, Narrow klass shift: 3, Narrow klass range: 0x140000000

GC Precious Log:
 CPUs: 2 total, 2 available
 Memory: 4094M
 Large Page Support: Disabled
 NUMA Support: Disabled
 Compressed Oops: Enabled (32-bit)
 Heap Region Size: 1M
 Heap Min Capacity: 8M
 Heap Initial Capacity: 64M
 Heap Max Capacity: 1G
 Pre-touch: Disabled
 Parallel Workers: 2
 Concurrent Workers: 1
 Concurrent Refinement Workers: 2
 Periodic GC: Disabled

Heap:
 garbage-first heap   total 65536K, used 0K [0x00000000c0000000, 0x0000000100000000)
  region size 1024K, 1 young (1024K), 0 survivors (0K)
 Metaspace       used 3037K, committed 3072K, reserved 1056768K
  class space    used 227K, committed 256K, reserved 1048576K

Heap Regions: E=young(eden), S=young(survivor), O=old, HS=humongous(starts), HC=humongous(continues), CS=collection set, F=free, OA=open archive, CA=closed archive, TAMS=top-at-mark-start (previous, next)
|   0|0x00000000c0000000, 0x00000000c0000000, 0x00000000c0100000|  0%| F|  |TAMS 0x00000000c0000000, 0x00000000c0000000| Untracked 
|   1|0x00000000c0100000, 0x00000000c0100000, 0x00000000c0200000|  0%| F|  |TAMS 0x00000000c0100000, 0x00000000c0100000| Untracked 
|   2|0x00000000c0200000, 0x00000000c0200000, 0x00000000c0300000|  0%| F|  |TAMS 0x00000000c0200000, 0x00000000c0200000| Untracked 
|   3|0x00000000c0300000, 0x00000000c0300000, 0x00000000c0400000|  0%| F|  |TAMS 0x00000000c0300000, 0x00000000c0300000| Untracked 
|   4|0x00000000c0400000, 0x00000000c0400000, 0x00000000c0500000|  0%| F|  |TAMS 0x00000000c0400000, 0x00000000c0400000| Untracked 
|   5|0x00000000c0500000, 0x00000000c0500000, 0x00000000c0600000|  0%| F|  |TAMS 0x00000000c0500000, 0x00000000c0500000| Untracked 
|   6|0x00000000c0600000, 0x00000000c0600000, 0x00000000c0700000|  0%| F|  |TAMS 0x00000000c0600000, 0x00000000c0600000| Untracked 
|   7|0x00000000c0700000, 0x00000000c0700000, 0x00000000c0800000|  0%| F|  |TAMS 0x00000000c0700000, 0x00000000c0700000| Untracked 
|   8|0x00000000c0800000, 0x00000000c0800000, 0x00000000c0900000|  0%| F|  |TAMS 0x00000000c0800000, 0x00000000c0800000| Untracked 
|   9|0x00000000c0900000, 0x00000000c0900000, 0x00000000c0a00000|  0%| F|  |TAMS 0x00000000c0900000, 0x00000000c0900000| Untracked 
|  10|0x00000000c0a00000, 0x00000000c0a00000, 0x00000000c0b00000|  0%| F|  |TAMS 0x00000000c0a00000, 0x00000000c0a00000| Untracked 
|  11|0x00000000c0b00000, 0x00000000c0b00000, 0x00000000c0c00000|  0%| F|  |TAMS 0x00000000c0b00000, 0x00000000c0b00000| Untracked 
|  12|0x00000000c0c00000, 0x00000000c0c00000, 0x00000000c0d00000|  0%| F|  |TAMS 0x00000000c0c00000, 0x00000000c0c00000| Untracked 
|  13|0x00000000c0d00000, 0x00000000c0d00000, 0x00000000c0e00000|  0%| F|  |TAMS 0x00000000c0d00000, 0x00000000c0d00000| Untracked 
|  14|0x00000000c0e00000, 0x00000000c0e00000, 0x00000000c0f00000|  0%| F|  |TAMS 0x00000000c0e00000, 0x00000000c0e00000| Untracked 
|  15|0x00000000c0f00000, 0x00000000c0f00000, 0x00000000c1000000|  0%| F|  |TAMS 0x00000000c0f00000, 0x00000000c0f00000| Untracked 
|  16|0x00000000c1000000, 0x00000000c1000000, 0x00000000c1100000|  0%| F|  |TAMS 0x00000000c1000000, 0x00000000c1000000| Untracked 
|  17|0x00000000c1100000, 0x00000000c1100000, 0x00000000c1200000|  0%| F|  |TAMS 0x00000000c1100000, 0x00000000c1100000| Untracked 
|  18|0x00000000c1200000, 0x00000000c1200000, 0x00000000c1300000|  0%| F|  |TAMS 0x00000000c1200000, 0x00000000c1200000| Untracked 
|  19|0x00000000c1300000, 0x00000000c1300000, 0x00000000c1400000|  0%| F|  |TAMS 0x00000000c1300000, 0x00000000c1300000| Untracked 
|  20|0x00000000c1400000, 0x00000000c1400000, 0x00000000c1500000|  0%| F|  |TAMS 0x00000000c1400000, 0x00000000c1400000| Untracked 
|  21|0x00000000c1500000, 0x00000000c1500000, 0x00000000c1600000|  0%| F|  |TAMS 0x00000000c1500000, 0x00000000c1500000| Untracked 
|  22|0x00000000c1600000, 0x00000000c1600000, 0x00000000c1700000|  0%| F|  |TAMS 0x00000000c1600000, 0x00000000c1600000| Untracked 
|  23|0x00000000c1700000, 0x00000000c1700000, 0x00000000c1800000|  0%| F|  |TAMS 0x00000000c1700000, 0x00000000c1700000| Untracked 
|  24|0x00000000c1800000, 0x00000000c1800000, 0x00000000c1900000|  0%| F|  |TAMS 0x00000000c1800000, 0x00000000c1800000| Untracked 
|  25|0x00000000c1900000, 0x00000000c1900000, 0x00000000c1a00000|  0%| F|  |TAMS 0x00000000c1900000, 0x00000000c1900000| Untracked 
|  26|0x00000000c1a00000, 0x00000000c1a00000, 0x00000000c1b00000|  0%| F|  |TAMS 0x00000000c1a00000, 0x00000000c1a00000| Untracked 
|  27|0x00000000c1b00000, 0x00000000c1b00000, 0x00000000c1c00000|  0%| F|  |TAMS 0x00000000c1b00000, 0x00000000c1b00000| Untracked 
|  28|0x00000000c1c00000, 0x00000000c1c00000, 0x00000000c1d00000|  0%| F|  |TAMS 0x00000000c1c00000, 0x00000000c1c00000| Untracked 
|  29|0x00000000c1d00000, 0x00000000c1d00000, 0x00000000c1e00000|  0%| F|  |TAMS 0x00000000c1d00000, 0x00000000c1d00000| Untracked 
|  30|0x00000000c1e00000, 0x00000000c1e00000, 0x00000000c1f00000|  0%| F|  |TAMS 0x00000000c1e00000, 0x00000000c1e00000| Untracked 
|  31|0x00000000c1f00000, 0x00000000c1f00000, 0x00000000c2000000|  0%| F|  |TAMS 0x00000000c1f00000, 0x00000000c1f00000| Untracked 
|  32|0x00000000c2000000, 0x00000000c2000000, 0x00000000c2100000|  0%| F|  |TAMS 0x00000000c2000000, 0x00000000c2000000| Untracked 
|  33|0x00000000c2100000, 0x00000000c2100000, 0x00000000c2200000|  0%| F|  |TAMS 0x00000000c2100000, 0x00000000c2100000| Untracked 
|  34|0x00000000c2200000, 0x00000000c2200000, 0x00000000c2300000|  0%| F|  |TAMS 0x00000000c2200000, 0x00000000c2200000| Untracked 
|  35|0x00000000c2300000, 0x00000000c2300000, 0x00000000c2400000|  0%| F|  |TAMS 0x00000000c2300000, 0x00000000c2300000| Untracked 
|  36|0x00000000c2400000, 0x00000000c2400000, 0x00000000c2500000|  0%| F|  |TAMS 0x00000000c2400000, 0x00000000c2400000| Untracked 
|  37|0x00000000c2500000, 0x00000000c2500000, 0x00000000c2600000|  0%| F|  |TAMS 0x00000000c2500000, 0x00000000c2500000| Untracked 
|  38|0x00000000c2600000, 0x00000000c2600000, 0x00000000c2700000|  0%| F|  |TAMS 0x00000000c2600000, 0x00000000c2600000| Untracked 
|  39|0x00000000c2700000, 0x00000000c2700000, 0x00000000c2800000|  0%| F|  |TAMS 0x00000000c2700000, 0x00000000c2700000| Untracked 
|  40|0x00000000c2800000, 0x00000000c2800000, 0x00000000c2900000|  0%| F|  |TAMS 0x00000000c2800000, 0x00000000c2800000| Untracked 
|  41|0x00000000c2900000, 0x00000000c2900000, 0x00000000c2a00000|  0%| F|  |TAMS 0x00000000c2900000, 0x00000000c2900000| Untracked 
|  42|0x00000000c2a00000, 0x00000000c2a00000, 0x00000000c2b00000|  0%| F|  |TAMS 0x00000000c2a00000, 0x00000000c2a00000| Untracked 
|  43|0x00000000c2b00000, 0x00000000c2b00000, 0x00000000c2c00000|  0%| F|  |TAMS 0x00000000c2b00000, 0x00000000c2b00000| Untracked 
|  44|0x00000000c2c00000, 0x00000000c2c00000, 0x00000000c2d00000|  0%| F|  |TAMS 0x00000000c2c00000, 0x00000000c2c00000| Untracked 
|  45|0x00000000c2d00000, 0x00000000c2d00000, 0x00000000c2e00000|  0%| F|  |TAMS 0x00000000c2d00000, 0x00000000c2d00000| Untracked 
|  46|0x00000000c2e00000, 0x00000000c2e00000, 0x00000000c2f00000|  0%| F|  |TAMS 0x00000000c2e00000, 0x00000000c2e00000| Untracked 
|  47|0x00000000c2f00000, 0x00000000c2f00000, 0x00000000c3000000|  0%| F|  |TAMS 0x00000000c2f00000, 0x00000000c2f00000| Untracked 
|  48|0x00000000c3000000, 0x00000000c3000000, 0x00000000c3100000|  0%| F|  |TAMS 0x00000000c3000000, 0x00000000c3000000| Untracked 
|  49|0x00000000c3100000, 0x00000000c3100000, 0x00000000c3200000|  0%| F|  |TAMS 0x00000000c3100000, 0x00000000c3100000| Untracked 
|  50|0x00000000c3200000, 0x00000000c3200000, 0x00000000c3300000|  0%| F|  |TAMS 0x00000000c3200000, 0x00000000c3200000| Untracked 
|  51|0x00000000c3300000, 0x00000000c3300000, 0x00000000c3400000|  0%| F|  |TAMS 0x00000000c3300000, 0x00000000c3300000| Untracked 
|  52|0x00000000c3400000, 0x00000000c3400000, 0x00000000c3500000|  0%| F|  |TAMS 0x00000000c3400000, 0x00000000c3400000| Untracked 
|  53|0x00000000c3500000, 0x00000000c3500000, 0x00000000c3600000|  0%| F|  |TAMS 0x00000000c3500000, 0x00000000c3500000| Untracked 
|  54|0x00000000c3600000, 0x00000000c3600000, 0x00000000c3700000|  0%| F|  |TAMS 0x00000000c3600000, 0x00000000c3600000| Untracked 
|  55|0x00000000c3700000, 0x00000000c3700000, 0x00000000c3800000|  0%| F|  |TAMS 0x00000000c3700000, 0x00000000c3700000| Untracked 
|  56|0x00000000c3800000, 0x00000000c3800000, 0x00000000c3900000|  0%| F|  |TAMS 0x00000000c3800000, 0x00000000c3800000| Untracked 
|  57|0x00000000c3900000, 0x00000000c3900000, 0x00000000c3a00000|  0%| F|  |TAMS 0x00000000c3900000, 0x00000000c3900000| Untracked 
|  58|0x00000000c3a00000, 0x00000000c3a00000, 0x00000000c3b00000|  0%| F|  |TAMS 0x00000000c3a00000, 0x00000000c3a00000| Untracked 
|  59|0x00000000c3b00000, 0x00000000c3b00000, 0x00000000c3c00000|  0%| F|  |TAMS 0x00000000c3b00000, 0x00000000c3b00000| Untracked 
|  60|0x00000000c3c00000, 0x00000000c3c00000, 0x00000000c3d00000|  0%| F|  |TAMS 0x00000000c3c00000, 0x00000000c3c00000| Untracked 
|  61|0x00000000c3d00000, 0x00000000c3d00000, 0x00000000c3e00000|  0%| F|  |TAMS 0x00000000c3d00000, 0x00000000c3d00000| Untracked 
|  62|0x00000000c3e00000, 0x00000000c3e00000, 0x00000000c3f00000|  0%| F|  |TAMS 0x00000000c3e00000, 0x00000000c3e00000| Untracked 
|  63|0x00000000c3f00000, 0x00000000c3f62420, 0x00000000c4000000| 38%| E|  |TAMS 0x00000000c3f00000, 0x00000000c3f00000| Complete 

Card table byte_map: [0x00000180f5970000,0x00000180f5b70000] _byte_map_base: 0x00000180f5370000

Marking Bits (Prev, Next): (CMBitMap*) 0x00000180e32eab50, (CMBitMap*) 0x00000180e32eab90
 Prev Bits: [0x00000180f5d70000, 0x00000180f6d70000)
 Next Bits: [0x00000180f6d70000, 0x00000180f7d70000)

Polling page: 0x00000180e12d0000

Metaspace:

Usage:
  Non-class:      2.74 MB used.
      Class:    227.25 KB used.
       Both:      2.97 MB used.

Virtual space:
  Non-class space:        8.00 MB reserved,       2.75 MB ( 34%) committed,  1 nodes.
      Class space:        1.00 GB reserved,     256.00 KB ( <1%) committed,  1 nodes.
             Both:        1.01 GB reserved,       3.00 MB ( <1%) committed. 

Chunk freelists:
   Non-Class:  0 bytes
       Class:  3.75 MB
        Both:  3.75 MB

MaxMetaspaceSize: unlimited
CompressedClassSpaceSize: 1.00 GB
Initial GC threshold: 21.00 MB
Current GC threshold: 21.00 MB
CDS: off
MetaspaceReclaimPolicy: balanced
 - commit_granule_bytes: 65536.
 - commit_granule_words: 8192.
 - virtual_space_node_default_size: 1048576.
 - enlarge_chunks_in_place: 1.
 - new_chunks_are_fully_committed: 0.
 - uncommit_free_chunks: 1.
 - use_allocation_guard: 0.
 - handle_deallocations: 1.


Internal statistics:

num_allocs_failed_limit: 0.
num_arena_births: 2.
num_arena_deaths: 0.
num_vsnodes_births: 2.
num_vsnodes_deaths: 0.
num_space_committed: 48.
num_space_uncommitted: 0.
num_chunks_returned_to_freelist: 0.
num_chunks_taken_from_freelist: 3.
num_chunk_merges: 0.
num_chunk_splits: 1.
num_chunks_enlarged: 0.
num_purges: 0.
num_inconsistent_stats: 0.

CodeHeap 'non-profiled nmethods': size=120064Kb used=0Kb max_used=0Kb free=120064Kb
 bounds [0x00000180ee430000, 0x00000180ee6a0000, 0x00000180f5970000]
CodeHeap 'profiled nmethods': size=120000Kb used=13Kb max_used=13Kb free=119986Kb
 bounds [0x00000180e6f00000, 0x00000180e7170000, 0x00000180ee430000]
CodeHeap 'non-nmethods': size=5696Kb used=1033Kb max_used=1039Kb free=4662Kb
 bounds [0x00000180e6970000, 0x00000180e6be0000, 0x00000180e6f00000]
 total_blobs=285 nmethods=11 adapters=188
 compilation: enabled
              stopped_count=0, restarted_count=0
 full_count=0

Compilation events (20 events):
Event: 0.129 Thread 0x00000180fa027c20    2       3       java.lang.String::charAt (25 bytes)
Event: 0.129 Thread 0x00000180fa027c20 nmethod 2 0x00000180e6f00390 code [0x00000180e6f00560, 0x00000180e6f00938]
Event: 0.129 Thread 0x00000180fa027c20    6       3       java.lang.StringLatin1::indexOfChar (33 bytes)
Event: 0.129 Thread 0x00000180fa027c20 nmethod 6 0x00000180e6f00a90 code [0x00000180e6f00c40, 0x00000180e6f00e78]
Event: 0.129 Thread 0x00000180fa027c20    5       3       java.lang.StringLatin1::canEncode (13 bytes)
Event: 0.129 Thread 0x00000180fa027c20 nmethod 5 0x00000180e6f00f90 code [0x00000180e6f01120, 0x00000180e6f01278]
Event: 0.129 Thread 0x00000180fa027c20    3       3       java.lang.StringLatin1::charAt (28 bytes)
Event: 0.129 Thread 0x00000180fa027c20 nmethod 3 0x00000180e6f01310 code [0x00000180e6f014c0, 0x00000180e6f016c8]
Event: 0.129 Thread 0x00000180fa027c20    7       3       java.lang.String::indexOf (29 bytes)
Event: 0.130 Thread 0x00000180fa027c20 nmethod 7 0x00000180e6f01810 code [0x00000180e6f019e0, 0x00000180e6f01c78]
Event: 0.130 Thread 0x00000180fa027c20    4       3       sun.nio.fs.WindowsPathParser::isSlash (18 bytes)
Event: 0.130 Thread 0x00000180fa027c20 nmethod 4 0x00000180e6f01d90 code [0x00000180e6f01f20, 0x00000180e6f02098]
Event: 0.130 Thread 0x00000180fa027c20    8       3       java.lang.StringLatin1::indexOf (36 bytes)
Event: 0.130 Thread 0x00000180fa027c20 nmethod 8 0x00000180e6f02110 code [0x00000180e6f022e0, 0x00000180e6f02718]
Event: 0.130 Thread 0x00000180fa027c20    9       3       java.lang.String::coder (15 bytes)
Event: 0.130 Thread 0x00000180fa027c20 nmethod 9 0x00000180e6f02890 code [0x00000180e6f02a20, 0x00000180e6f02b58]
Event: 0.130 Thread 0x00000180fa027c20   10       3       java.lang.Object::<init> (1 bytes)
Event: 0.130 Thread 0x00000180fa027c20 nmethod 10 0x00000180e6f02c10 code [0x00000180e6f02da0, 0x00000180e6f02eb8]
Event: 0.130 Thread 0x00000180fa027c20   11       3       java.lang.String::hashCode (60 bytes)
Event: 0.131 Thread 0x00000180fa027c20 nmethod 11 0x00000180e6f02f90 code [0x00000180e6f03160, 0x00000180e6f034b8]

GC Heap History (0 events):
No events

Deoptimization events (0 events):
No events

Classes unloaded (0 events):
No events

Classes redefined (0 events):
No events

Internal exceptions (0 events):
No events

VM Operations (0 events):
No events

Events (20 events):
Event: 0.131 loading class jdk/internal/perf/Perf done
Event: 0.131 loading class sun/nio/ch/DirectBuffer
Event: 0.131 loading class sun/nio/ch/DirectBuffer done
Event: 0.131 loading class java/nio/DirectByteBuffer
Event: 0.131 loading class java/nio/MappedByteBuffer
Event: 0.132 loading class java/nio/MappedByteBuffer done
Event: 0.132 loading class java/nio/DirectByteBuffer done
Event: 0.132 loading class java/nio/Bits
Event: 0.132 loading class java/nio/Bits done
Event: 0.132 loading class java/util/concurrent/atomic/AtomicLong
Event: 0.132 loading class java/util/concurrent/atomic/AtomicLong done
Event: 0.132 loading class java/nio/Bits$1
Event: 0.132 loading class jdk/internal/misc/VM$BufferPool
Event: 0.132 loading class jdk/internal/misc/VM$BufferPool done
Event: 0.132 loading class java/nio/Bits$1 done
Event: 0.132 loading class java/nio/DirectLongBufferU
Event: 0.132 loading class java/nio/LongBuffer
Event: 0.133 loading class java/nio/LongBuffer done
Event: 0.133 loading class java/nio/DirectLongBufferU done
Event: 0.133 loading class java/util/jar/JarFile


Dynamic libraries:
0x00007ff612110000 - 0x00007ff61211e000 	C:\Program Files\Eclipse\plugins\org.eclipse.justj.openjdk.hotspot.jre.full.win32.x86_64_17.0.3.v20220515-1416\jre\bin\javaw.exe
0x00007ffcf0fe0000 - 0x00007ffcf11e9000 	C:\Windows\SYSTEM32\ntdll.dll
0x00007ffcf01c0000 - 0x00007ffcf027d000 	C:\Windows\System32\KERNEL32.DLL
0x00007ffceeae0000 - 0x00007ffceee5b000 	C:\Windows\System32\KERNELBASE.dll
0x00007ffcee860000 - 0x00007ffcee971000 	C:\Windows\System32\ucrtbase.dll
0x00007ffcdf310000 - 0x00007ffcdf328000 	C:\Program Files\Eclipse\plugins\org.eclipse.justj.openjdk.hotspot.jre.full.win32.x86_64_17.0.3.v20220515-1416\jre\bin\jli.dll
0x00007ffcf02f0000 - 0x00007ffcf049d000 	C:\Windows\System32\USER32.dll
0x00007ffcee9f0000 - 0x00007ffceea16000 	C:\Windows\System32\win32u.dll
0x00007ffcefc40000 - 0x00007ffcefc69000 	C:\Windows\System32\GDI32.dll
0x00007ffcee620000 - 0x00007ffcee738000 	C:\Windows\System32\gdi32full.dll
0x00007ffcee7c0000 - 0x00007ffcee85d000 	C:\Windows\System32\msvcp_win.dll
0x00007ffce1ba0000 - 0x00007ffce1bb9000 	C:\Program Files\Eclipse\plugins\org.eclipse.justj.openjdk.hotspot.jre.full.win32.x86_64_17.0.3.v20220515-1416\jre\bin\VCRUNTIME140.dll
0x00007ffccdc20000 - 0x00007ffccdec5000 	C:\Windows\WinSxS\amd64_microsoft.windows.common-controls_6595b64144ccf1df_6.0.22000.120_none_9d947278b86cc467\COMCTL32.dll
0x00007ffceff20000 - 0x00007ffceffc3000 	C:\Windows\System32\msvcrt.dll
0x00007ffcefd90000 - 0x00007ffcefdc1000 	C:\Windows\System32\IMM32.DLL
0x00007ffcda960000 - 0x00007ffcda96c000 	C:\Program Files\Eclipse\plugins\org.eclipse.justj.openjdk.hotspot.jre.full.win32.x86_64_17.0.3.v20220515-1416\jre\bin\vcruntime140_1.dll
0x00007ffcd35f0000 - 0x00007ffcd3681000 	C:\Program Files\Eclipse\plugins\org.eclipse.justj.openjdk.hotspot.jre.full.win32.x86_64_17.0.3.v20220515-1416\jre\bin\msvcp140.dll
0x00007ffcbad90000 - 0x00007ffcbb9d8000 	C:\Program Files\Eclipse\plugins\org.eclipse.justj.openjdk.hotspot.jre.full.win32.x86_64_17.0.3.v20220515-1416\jre\bin\server\jvm.dll
0x00007ffcefe60000 - 0x00007ffceff0e000 	C:\Windows\System32\ADVAPI32.dll
0x00007ffcefba0000 - 0x00007ffcefc3e000 	C:\Windows\System32\sechost.dll
0x00007ffcf0650000 - 0x00007ffcf0770000 	C:\Windows\System32\RPCRT4.dll
0x00007ffceffd0000 - 0x00007ffceffd8000 	C:\Windows\System32\PSAPI.DLL
0x00007ffce6210000 - 0x00007ffce6219000 	C:\Windows\SYSTEM32\WSOCK32.dll
0x00007ffcf0280000 - 0x00007ffcf02ef000 	C:\Windows\System32\WS2_32.dll
0x00007ffce5410000 - 0x00007ffce5443000 	C:\Windows\SYSTEM32\WINMM.dll
0x00007ffce4450000 - 0x00007ffce445a000 	C:\Windows\SYSTEM32\VERSION.dll
0x00007ffced530000 - 0x00007ffced548000 	C:\Windows\SYSTEM32\kernel.appcore.dll
0x00007ffcda950000 - 0x00007ffcda95a000 	C:\Program Files\Eclipse\plugins\org.eclipse.justj.openjdk.hotspot.jre.full.win32.x86_64_17.0.3.v20220515-1416\jre\bin\jimage.dll
0x00007ffcdf3d0000 - 0x00007ffcdf5f1000 	C:\Windows\SYSTEM32\DBGHELP.DLL
0x00007ffcdf390000 - 0x00007ffcdf3c1000 	C:\Windows\SYSTEM32\dbgcore.DLL
0x00007ffcee740000 - 0x00007ffcee7bf000 	C:\Windows\System32\bcryptPrimitives.dll
0x00007ffcd4e60000 - 0x00007ffcd4e85000 	C:\Program Files\Eclipse\plugins\org.eclipse.justj.openjdk.hotspot.jre.full.win32.x86_64_17.0.3.v20220515-1416\jre\bin\java.dll
0x00007ffcd9930000 - 0x00007ffcd9948000 	C:\Program Files\Eclipse\plugins\org.eclipse.justj.openjdk.hotspot.jre.full.win32.x86_64_17.0.3.v20220515-1416\jre\bin\zip.dll
0x00007ffcf0770000 - 0x00007ffcf0f28000 	C:\Windows\System32\SHELL32.dll
0x00007ffcec5a0000 - 0x00007ffcece05000 	C:\Windows\SYSTEM32\windows.storage.dll
0x00007ffcef000000 - 0x00007ffcef377000 	C:\Windows\System32\combase.dll
0x00007ffcec430000 - 0x00007ffcec596000 	C:\Windows\SYSTEM32\wintypes.dll
0x00007ffcef4f0000 - 0x00007ffcef5da000 	C:\Windows\System32\SHCORE.dll
0x00007ffcef3a0000 - 0x00007ffcef3fd000 	C:\Windows\System32\shlwapi.dll
0x00007ffcee3e0000 - 0x00007ffcee401000 	C:\Windows\SYSTEM32\profapi.dll

dbghelp: loaded successfully - version: 4.0.5 - missing functions: none
symbol engine: initialized successfully - sym options: 0x614 - pdb path: .;C:\Program Files\Eclipse\plugins\org.eclipse.justj.openjdk.hotspot.jre.full.win32.x86_64_17.0.3.v20220515-1416\jre\bin;C:\Windows\SYSTEM32;C:\Windows\WinSxS\amd64_microsoft.windows.common-controls_6595b64144ccf1df_6.0.22000.120_none_9d947278b86cc467;C:\Program Files\Eclipse\plugins\org.eclipse.justj.openjdk.hotspot.jre.full.win32.x86_64_17.0.3.v20220515-1416\jre\bin\server

VM Arguments:
jvm_args: -Dfile.encoding=UTF-8 --module-path=C:\Users\CS219-user\git\CelebrityCompatibility\bin;C:\JavaFX\javafx-sdk-16\lib\javafx-swt.jar;C:\JavaFX\javafx-sdk-16\lib\javafx.base.jar;C:\JavaFX\javafx-sdk-16\lib\javafx.controls.jar;C:\JavaFX\javafx-sdk-16\lib\javafx.fxml.jar;C:\JavaFX\javafx-sdk-16\lib\javafx.graphics.jar;C:\JavaFX\javafx-sdk-16\lib\javafx.media.jar;C:\JavaFX\javafx-sdk-16\lib\javafx.swing.jar;C:\JavaFX\javafx-sdk-16\lib\javafx.web.jar;C:\Program Files\Eclipse\plugins\org.eclipse.fx.ide.css.jfx8_3.8.0.202204150904.jar -XX:+ShowCodeDetailsInExceptionMessages -Djdk.module.main=CelebrityCompatibilityTest 
java_command: CelebrityCompatibilityTest/application.main
java_class_path (initial): <not set>
Launcher Type: SUN_STANDARD

[Global flags]
     intx CICompilerCount                          = 2                                         {product} {ergonomic}
     uint ConcGCThreads                            = 1                                         {product} {ergonomic}
     uint G1ConcRefinementThreads                  = 2                                         {product} {ergonomic}
   size_t G1HeapRegionSize                         = 1048576                                   {product} {ergonomic}
    uintx GCDrainStackTargetSize                   = 64                                        {product} {ergonomic}
   size_t InitialHeapSize                          = 67108864                                  {product} {ergonomic}
   size_t MarkStackSize                            = 4194304                                   {product} {ergonomic}
   size_t MaxHeapSize                              = 1073741824                                {product} {ergonomic}
   size_t MaxNewSize                               = 643825664                                 {product} {ergonomic}
   size_t MinHeapDeltaBytes                        = 1048576                                   {product} {ergonomic}
   size_t MinHeapSize                              = 8388608                                   {product} {ergonomic}
    uintx NonNMethodCodeHeapSize                   = 5826188                                {pd product} {ergonomic}
    uintx NonProfiledCodeHeapSize                  = 122916026                              {pd product} {ergonomic}
    uintx ProfiledCodeHeapSize                     = 122916026                              {pd product} {ergonomic}
    uintx ReservedCodeCacheSize                    = 251658240                              {pd product} {ergonomic}
     bool SegmentedCodeCache                       = true                                      {product} {ergonomic}
     bool ShowCodeDetailsInExceptionMessages       = true                                   {manageable} {command line}
   size_t SoftMaxHeapSize                          = 1073741824                             {manageable} {ergonomic}
     bool UseCompressedClassPointers               = true                           {product lp64_product} {ergonomic}
     bool UseCompressedOops                        = true                           {product lp64_product} {ergonomic}
     bool UseG1GC                                  = true                                      {product} {ergonomic}
     bool UseLargePagesIndividualAllocation        = false                                  {pd product} {ergonomic}

Logging:
Log output configuration:
 #0: stdout all=warning uptime,level,tags
 #1: stderr all=off uptime,level,tags

Environment Variables:
PATH=C:/Program Files/eclipse//plugins/org.eclipse.justj.openjdk.hotspot.jre.full.win32.x86_64_17.0.3.v20220515-1416/jre/bin/server;C:/Program Files/eclipse//plugins/org.eclipse.justj.openjdk.hotspot.jre.full.win32.x86_64_17.0.3.v20220515-1416/jre/bin;C:\Program Files\Common Files\Oracle\Java\javapath;C:\Windows\system32;C:\Windows;C:\Windows\System32\Wbem;C:\Windows\System32\WindowsPowerShell\v1.0\;C:\Windows\System32\OpenSSH\;C:\Users\CS219-user\AppData\Local\Microsoft\WindowsApps;;C:\Program Files\eclipse;
USERNAME=CS219-user
OS=Windows_NT
PROCESSOR_IDENTIFIER=Intel64 Family 6 Model 85 Stepping 7, GenuineIntel



---------------  S Y S T E M  ---------------

OS:
 Windows 11 , 64 bit Build 22000 (10.0.22000.708)
OS uptime: 0 days 2:28 hours
Hyper-V virtualization detected

CPU: total 2 (initial active 2) (1 cores per cpu, 2 threads per core) family 6 model 85 stepping 7 microcode 0xffffffff, cx8, cmov, fxsr, ht, mmx, 3dnowpref, sse, sse2, sse3, ssse3, sse4.1, sse4.2, popcnt, lzcnt, tsc, avx, avx2, aes, erms, clmul, bmi1, bmi2, rtm, adx, avx512f, avx512dq, avx512cd, avx512bw, avx512vl, fma, vzeroupper, clflush, clflushopt, hv

Memory: 4k page, system-wide physical 4094M (489M free)
TotalPageFile size 6142M (AvailPageFile size 5M)
current process WorkingSet (physical memory assigned to process): 24M, peak: 24M
current process commit charge ("private bytes"): 120M, peak: 120M

vm_info: OpenJDK 64-Bit Server VM (17.0.3+7) for windows-amd64 JRE (17.0.3+7), built on Apr 19 2022 16:55:35 by "" with MS VC++ 16.7 (VS2019)

END.
