#
# A fatal error has been detected by the Java Runtime Environment:
#
#  EXCEPTION_ACCESS_VIOLATION (0xc0000005) at pc=0x00007ffcbacf1be1, pid=7320, tid=3484
#
# JRE version:  (17.0.3+7) (build )
# Java VM: OpenJDK 64-Bit Server VM (17.0.3+7, mixed mode, sharing, tiered, unknown gc, windows-amd64)
# Problematic frame:
# C  [jimage.dll+0x1be1]
#
# No core dump will be written. Minidumps are not enabled by default on client versions of Windows
#
#

---------------  S U M M A R Y ------------

Command Line: 

Host: Intel(R) Xeon(R) Platinum 8272CL CPU @ 2.60GHz, 2 cores, 3G,  Windows 11 , 64 bit Build 22000 (10.0.22000.708)
Time: Thu Nov 24 20:59:05 2022 Mountain Standard Time elapsed time: 0.075229 seconds (0d 0h 0m 0s)

---------------  T H R E A D  ---------------

Current thread is native thread

Stack: [0x0000009322000000,0x0000009322100000],  sp=0x00000093220fd4b0,  free space=1013k
Native frames: (J=compiled Java code, j=interpreted, Vv=VM code, C=native code)
C  [jimage.dll+0x1be1]


siginfo: EXCEPTION_ACCESS_VIOLATION (0xc0000005), reading address 0x000000000000b1d0


Registers:
RAX=0x0000000000002c6d, RBX=0x00000093220fd5a1, RCX=0x00007ffcbacf6000, RDX=0x0000000000002c6d
RSP=0x00000093220fd4b0, RBP=0x00000093220fd5a0, RSI=0x0000000000007183, RDI=0x00000093220fd5a0
R8 =0x00007ffcbacf4288, R9 =0x000000000000001c, R10=0x00007ffcbb6c4600, R11=0x00007ffcbacf6000
R12=0x0000000000000000, R13=0x0000019bd9775cc0, R14=0x00000093220fe610, R15=0x00007ffcbb6c4618
RIP=0x00007ffcbacf1be1, EFLAGS=0x0000000000010246

Top of Stack: (sp=0x00000093220fd4b0)
0x00000093220fd4b0:   00000093220fd6c0 00007ffcf1026096
0x00000093220fd4c0:   0000019bd96d0c80 00000093220fd698
0x00000093220fd4d0:   0000019bd97890b0 00007ffcbacf1d6f
0x00000093220fd4e0:   000000000000000b 0000019bd97890b0
0x00000093220fd4f0:   0000000000001000 0000000000800001
0x00000093220fd500:   0000000000001010 0000000000000000
0x00000093220fd510:   0000000000000101 0000000009000009
0x00000093220fd520:   0000019bd9770000 00007ffcf100929c
0x00000093220fd530:   0000019bd9770000 0000009300800003
0x00000093220fd540:   000031388855c3c8 0000019bd9770150
0x00000093220fd550:   00007ffcbb6a25a0 0000000000000017
0x00000093220fd560:   0000019bd97890b0 00000093220fe610
0x00000093220fd570:   000000000000000b 00007ffcbacf264d
0x00000093220fd580:   0000019bd9770000 00007ffc000003ff
0x00000093220fd590:   00000000000007ad 0000019bd983b500
0x00000093220fd5a0:   61622e6176616a2f 692f6b646a2f6573 

Instructions: (pc=0x00007ffcbacf1be1)
0x00007ffcbacf1ae1:   48 85 c9 74 1d 80 3d 23 45 00 00 00 74 06 48 8b
0x00007ffcbacf1af1:   53 18 eb 04 48 8b 53 40 e8 ae 0e 00 00 48 83 63
0x00007ffcbacf1b01:   48 00 8b 4b 0c 83 f9 ff 74 09 e8 e4 0c 00 00 83
0x00007ffcbacf1b11:   4b 0c ff 48 8b 4b 70 48 85 c9 74 0f ba 10 00 00
0x00007ffcbacf1b21:   00 e8 fd 0e 00 00 48 83 63 70 00 48 83 c4 20 5b
0x00007ffcbacf1b31:   c3 cc cc 40 53 48 83 ec 20 48 8b d9 48 8d 0d dc
0x00007ffcbacf1b41:   46 00 00 e8 b3 0c 00 00 83 6b 08 01 75 24 48 8b
0x00007ffcbacf1b51:   d3 48 8d 0d bf 44 00 00 e8 22 08 00 00 48 8b cb
0x00007ffcbacf1b61:   e8 de fe ff ff ba 78 00 00 00 48 8b cb e8 b1 0e
0x00007ffcbacf1b71:   00 00 48 8d 0d a6 46 00 00 48 83 c4 20 5b e9 80
0x00007ffcbacf1b81:   0c 00 00 48 89 5c 24 08 48 89 74 24 10 57 48 83
0x00007ffcbacf1b91:   ec 20 41 8b f1 4d 8b c8 48 8b fa 4c 8b d9 4d 85
0x00007ffcbacf1ba1:   c0 74 78 85 f6 74 74 44 8a 12 48 8d 5a 01 48 8b
0x00007ffcbacf1bb1:   d3 b8 93 01 00 01 eb 12 69 c0 93 01 00 01 41 0f
0x00007ffcbacf1bc1:   b6 ca 44 8a 12 33 c1 48 ff c2 45 84 d2 75 e9 4d
0x00007ffcbacf1bd1:   8b 03 0f ba f0 1f 33 d2 49 8b cb f7 f6 48 63 c2
0x00007ffcbacf1be1:   41 8b 14 81 41 ff 50 08 85 c0 7e 24 8a 0f eb 10
0x00007ffcbacf1bf1:   69 c0 93 01 00 01 0f b6 c9 33 c1 8a 0b 48 ff c3
0x00007ffcbacf1c01:   84 c9 75 ec 0f ba f0 1f 33 d2 f7 f6 8b c2 eb 0e
0x00007ffcbacf1c11:   79 09 83 c9 ff 2b c8 8b c1 eb 03 83 c8 ff 48 8b
0x00007ffcbacf1c21:   5c 24 30 48 8b 74 24 38 48 83 c4 20 5f c3 cc 48
0x00007ffcbacf1c31:   89 5c 24 08 48 89 74 24 10 57 48 83 ec 20 48 8b
0x00007ffcbacf1c41:   f1 48 8d 0d d7 45 00 00 e8 ae 0b 00 00 33 ff 39
0x00007ffcbacf1c51:   3d c2 43 00 00 76 24 48 8b 05 c1 43 00 00 48 8b
0x00007ffcbacf1c61:   d6 48 8b 1c f8 48 8b 0b e8 72 1e 00 00 85 c0 74
0x00007ffcbacf1c71:   2b ff c7 3b 3d 9e 43 00 00 72 dc 33 db 48 8d 0d
0x00007ffcbacf1c81:   9b 45 00 00 e8 7a 0b 00 00 48 8b 74 24 38 48 8b
0x00007ffcbacf1c91:   c3 48 8b 5c 24 30 48 83 c4 20 5f c3 ff 43 08 eb
0x00007ffcbacf1ca1:   dc cc cc 48 89 5c 24 08 48 89 74 24 10 57 48 83
0x00007ffcbacf1cb1:   ec 20 48 8b d9 48 8b f2 48 8b 49 10 49 8b f8 8b
0x00007ffcbacf1cc1:   53 30 48 8b 01 ff 50 20 4c 8b 43 50 48 8b d6 48
0x00007ffcbacf1cd1:   8b 4b 10 44 8b c8 e8 a8 fe ff ff 83 f8 ff 74 38 



---------------  P R O C E S S  ---------------

VM state: not at safepoint (not fully initialized)

VM Mutex/Monitor currently owned by a thread: None

GC Precious Log:
<Not initialized>


Dynamic libraries:
0x00007ff612110000 - 0x00007ff61211e000 	C:\Program Files\Eclipse\plugins\org.eclipse.justj.openjdk.hotspot.jre.full.win32.x86_64_17.0.3.v20220515-1416\jre\bin\javaw.exe
0x00007ffcf0fe0000 - 0x00007ffcf11e9000 	C:\Windows\SYSTEM32\ntdll.dll
0x00007ffcf01c0000 - 0x00007ffcf027d000 	C:\Windows\System32\KERNEL32.DLL
0x00007ffceeae0000 - 0x00007ffceee5b000 	C:\Windows\System32\KERNELBASE.dll
0x00007ffcee860000 - 0x00007ffcee971000 	C:\Windows\System32\ucrtbase.dll
0x00007ffce1ba0000 - 0x00007ffce1bb8000 	C:\Program Files\Eclipse\plugins\org.eclipse.justj.openjdk.hotspot.jre.full.win32.x86_64_17.0.3.v20220515-1416\jre\bin\jli.dll
0x00007ffcf02f0000 - 0x00007ffcf049d000 	C:\Windows\System32\USER32.dll
0x00007ffcee9f0000 - 0x00007ffceea16000 	C:\Windows\System32\win32u.dll
0x00007ffcefc40000 - 0x00007ffcefc69000 	C:\Windows\System32\GDI32.dll
0x00007ffcee620000 - 0x00007ffcee738000 	C:\Windows\System32\gdi32full.dll
0x00007ffcee7c0000 - 0x00007ffcee85d000 	C:\Windows\System32\msvcp_win.dll
0x00007ffcbad60000 - 0x00007ffcbad79000 	C:\Program Files\Eclipse\plugins\org.eclipse.justj.openjdk.hotspot.jre.full.win32.x86_64_17.0.3.v20220515-1416\jre\bin\VCRUNTIME140.dll
0x00007ffccdc20000 - 0x00007ffccdec5000 	C:\Windows\WinSxS\amd64_microsoft.windows.common-controls_6595b64144ccf1df_6.0.22000.120_none_9d947278b86cc467\COMCTL32.dll
0x00007ffceff20000 - 0x00007ffceffc3000 	C:\Windows\System32\msvcrt.dll
0x00007ffcefd90000 - 0x00007ffcefdc1000 	C:\Windows\System32\IMM32.DLL
0x00007ffcbad50000 - 0x00007ffcbad5c000 	C:\Program Files\Eclipse\plugins\org.eclipse.justj.openjdk.hotspot.jre.full.win32.x86_64_17.0.3.v20220515-1416\jre\bin\vcruntime140_1.dll
0x00007ffcd3810000 - 0x00007ffcd38a1000 	C:\Program Files\Eclipse\plugins\org.eclipse.justj.openjdk.hotspot.jre.full.win32.x86_64_17.0.3.v20220515-1416\jre\bin\msvcp140.dll
0x00007ffcbad90000 - 0x00007ffcbb9d8000 	C:\Program Files\Eclipse\plugins\org.eclipse.justj.openjdk.hotspot.jre.full.win32.x86_64_17.0.3.v20220515-1416\jre\bin\server\jvm.dll
0x00007ffcefe60000 - 0x00007ffceff0e000 	C:\Windows\System32\ADVAPI32.dll
0x00007ffcefba0000 - 0x00007ffcefc3e000 	C:\Windows\System32\sechost.dll
0x00007ffcf0650000 - 0x00007ffcf0770000 	C:\Windows\System32\RPCRT4.dll
0x00007ffceffd0000 - 0x00007ffceffd8000 	C:\Windows\System32\PSAPI.DLL
0x00007ffcbad80000 - 0x00007ffcbad89000 	C:\Windows\SYSTEM32\WSOCK32.dll
0x00007ffcf0280000 - 0x00007ffcf02ef000 	C:\Windows\System32\WS2_32.dll
0x00007ffce5410000 - 0x00007ffce5443000 	C:\Windows\SYSTEM32\WINMM.dll
0x00007ffce4450000 - 0x00007ffce445a000 	C:\Windows\SYSTEM32\VERSION.dll
0x00007ffced530000 - 0x00007ffced548000 	C:\Windows\SYSTEM32\kernel.appcore.dll
0x00007ffcbacf0000 - 0x00007ffcbacfa000 	C:\Program Files\Eclipse\plugins\org.eclipse.justj.openjdk.hotspot.jre.full.win32.x86_64_17.0.3.v20220515-1416\jre\bin\jimage.dll
0x00007ffcdf3d0000 - 0x00007ffcdf5f1000 	C:\Windows\SYSTEM32\DBGHELP.DLL
0x00007ffcdf390000 - 0x00007ffcdf3c1000 	C:\Windows\SYSTEM32\dbgcore.DLL
0x00007ffcee740000 - 0x00007ffcee7bf000 	C:\Windows\System32\bcryptPrimitives.dll

dbghelp: loaded successfully - version: 4.0.5 - missing functions: none
symbol engine: initialized successfully - sym options: 0x614 - pdb path: .;C:\Program Files\Eclipse\plugins\org.eclipse.justj.openjdk.hotspot.jre.full.win32.x86_64_17.0.3.v20220515-1416\jre\bin;C:\Windows\SYSTEM32;C:\Windows\WinSxS\amd64_microsoft.windows.common-controls_6595b64144ccf1df_6.0.22000.120_none_9d947278b86cc467;C:\Program Files\Eclipse\plugins\org.eclipse.justj.openjdk.hotspot.jre.full.win32.x86_64_17.0.3.v20220515-1416\jre\bin\server

VM Arguments:
java_command: <unknown>
java_class_path (initial): <not set>
Launcher Type: SUN_STANDARD

[Global flags]
     bool UseLargePagesIndividualAllocation        = false                                  {pd product} {ergonomic}

Logging:
Log output configuration:
 #0: stdout all=warning uptime,level,tags
 #1: stderr all=off uptime,level,tags

Environment Variables:
PATH=C:/Program Files/eclipse//plugins/org.eclipse.justj.openjdk.hotspot.jre.full.win32.x86_64_17.0.3.v20220515-1416/jre/bin/server;C:/Program Files/eclipse//plugins/org.eclipse.justj.openjdk.hotspot.jre.full.win32.x86_64_17.0.3.v20220515-1416/jre/bin;C:\Program Files\Common Files\Oracle\Java\javapath;C:\Windows\system32;C:\Windows;C:\Windows\System32\Wbem;C:\Windows\System32\WindowsPowerShell\v1.0\;C:\Windows\System32\OpenSSH\;C:\Users\CS219-user\AppData\Local\Microsoft\WindowsApps;;C:\Program Files\eclipse;
USERNAME=CS219-user
OS=Windows_NT
PROCESSOR_IDENTIFIER=Intel64 Family 6 Model 85 Stepping 7, GenuineIntel



---------------  S Y S T E M  ---------------

OS:
 Windows 11 , 64 bit Build 22000 (10.0.22000.708)
OS uptime: 0 days 0:26 hours

CPU: total 2 (initial active 0) 

Memory: 4k page, system-wide physical 4094M (1011M free)
TotalPageFile size 6142M (AvailPageFile size 11M)
current process WorkingSet (physical memory assigned to process): 7M, peak: 7M
current process commit charge ("private bytes"): 2M, peak: 2M

vm_info: OpenJDK 64-Bit Server VM (17.0.3+7) for windows-amd64 JRE (17.0.3+7), built on Apr 19 2022 16:55:35 by "" with MS VC++ 16.7 (VS2019)

END.
