#
# There is insufficient memory for the Java Runtime Environment to continue.
# Native memory allocation (mmap) failed to map 67108864 bytes for G1 virtual space
# Possible reasons:
#   The system is out of physical RAM or swap space
#   The process is running with CompressedOops enabled, and the Java Heap may be blocking the growth of the native heap
# Possible solutions:
#   Reduce memory load on the system
#   Increase physical memory or swap space
#   Check if swap backing store is full
#   Decrease Java heap size (-Xmx/-Xms)
#   Decrease number of Java threads
#   Decrease Java thread stack sizes (-Xss)
#   Set larger code cache with -XX:ReservedCodeCacheSize=
#   JVM is running with Unscaled Compressed Oops mode in which the Java heap is
#     placed in the first 4GB address space. The Java Heap base address is the
#     maximum limit for the native heap growth. Please use -XX:HeapBaseMinAddress
#     to set the Java Heap base and to place the Java Heap above 4GB virtual address.
# This output file may be truncated or incomplete.
#
#  Out of Memory Error (os_windows.cpp:3535), pid=1148, tid=11540
#
# JRE version:  (17.0.3+7) (build )
# Java VM: OpenJDK 64-Bit Server VM (17.0.3+7, mixed mode, sharing, tiered, compressed oops, compressed class ptrs, g1 gc, windows-amd64)
# No core dump will be written. Minidumps are not enabled by default on client versions of Windows
#

---------------  S U M M A R Y ------------

Command Line: -Dfile.encoding=UTF-8 --module-path=C:\Users\CS219-user\git\CelebrityCompatibility\bin;C:\JavaFX\javafx-sdk-16\lib\javafx-swt.jar;C:\JavaFX\javafx-sdk-16\lib\javafx.base.jar;C:\JavaFX\javafx-sdk-16\lib\javafx.controls.jar;C:\JavaFX\javafx-sdk-16\lib\javafx.fxml.jar;C:\JavaFX\javafx-sdk-16\lib\javafx.graphics.jar;C:\JavaFX\javafx-sdk-16\lib\javafx.media.jar;C:\JavaFX\javafx-sdk-16\lib\javafx.swing.jar;C:\JavaFX\javafx-sdk-16\lib\javafx.web.jar;C:\Program Files\Eclipse\plugins\org.eclipse.fx.ide.css.jfx8_3.8.0.202204150904.jar -XX:+ShowCodeDetailsInExceptionMessages -Djdk.module.main=CelebrityCompatibilityTest CelebrityCompatibilityTest/application.main

Host: Intel(R) Xeon(R) Platinum 8272CL CPU @ 2.60GHz, 2 cores, 3G,  Windows 11 , 64 bit Build 22000 (10.0.22000.708)
Time: Thu Nov 24 23:42:26 2022 Mountain Standard Time elapsed time: 0.021480 seconds (0d 0h 0m 0s)

---------------  T H R E A D  ---------------

Current thread (0x000001d9fb73eb00):  JavaThread "Unknown thread" [_thread_in_vm, id=11540, stack(0x00000071a0400000,0x00000071a0500000)]

Stack: [0x00000071a0400000,0x00000071a0500000]
Native frames: (J=compiled Java code, j=interpreted, Vv=VM code, C=native code)
V  [jvm.dll+0x675efa]
V  [jvm.dll+0x830a24]
V  [jvm.dll+0x8321ce]
V  [jvm.dll+0x832833]
V  [jvm.dll+0x2454b5]
V  [jvm.dll+0x672de9]
V  [jvm.dll+0x667732]
V  [jvm.dll+0x3043ab]
V  [jvm.dll+0x30b8f6]
V  [jvm.dll+0x35b62e]
V  [jvm.dll+0x35b85f]
V  [jvm.dll+0x2db248]
V  [jvm.dll+0x2dc1b4]
V  [jvm.dll+0x802651]
V  [jvm.dll+0x3693b1]
V  [jvm.dll+0x7e1aac]
V  [jvm.dll+0x3ebd8f]
V  [jvm.dll+0x3ed911]
C  [jli.dll+0x5277]
C  [ucrtbase.dll+0x26c0c]
C  [KERNEL32.DLL+0x154e0]
C  [ntdll.dll+0x485b]


---------------  P R O C E S S  ---------------

Threads class SMR info:
_java_thread_list=0x00007ffcbb8a6e98, length=0, elements={
}

Java Threads: ( => current thread )

Other Threads:
  0x000001d9fb77a540 GCTaskThread "GC Thread#0" [stack: 0x00000071a0600000,0x00000071a0700000] [id=11600]
  0x000001d9fb783d80 ConcurrentGCThread "G1 Main Marker" [stack: 0x00000071a0700000,0x00000071a0800000] [id=11588]
  0x000001d9fb785640 ConcurrentGCThread "G1 Conc#0" [stack: 0x00000071a0800000,0x00000071a0900000] [id=11572]

[error occurred during error reporting (printing all threads), id 0xc0000005, EXCEPTION_ACCESS_VIOLATION (0xc0000005) at pc=0x00007ffcbb07bcd7]

VM state: not at safepoint (not fully initialized)

VM Mutex/Monitor currently owned by a thread:  ([mutex/lock_event])
[0x000001d9fb73a6e0] Heap_lock - owner thread: 0x000001d9fb73eb00

Heap address: 0x00000000c0000000, size: 1024 MB, Compressed Oops mode: 32-bit

CDS archive(s) mapped at: [0x0000000000000000-0x0000000000000000-0x0000000000000000), size 0, SharedBaseAddress: 0x0000000800000000, ArchiveRelocationMode: 0.
Narrow klass base: 0x0000000000000000, Narrow klass shift: 0, Narrow klass range: 0x0

GC Precious Log:
<Empty>

Heap:
 garbage-first heap   total 0K, used 0K [0x00000000c0000000, 0x0000000100000000)
  region size 1024K, 0 young (0K), 0 survivors (0K)

[error occurred during error reporting (printing heap information), id 0xc0000005, EXCEPTION_ACCESS_VIOLATION (0xc0000005) at pc=0x00007ffcbb45f249]

GC Heap History (0 events):
No events

Deoptimization events (0 events):
No events

Classes unloaded (0 events):
No events

Classes redefined (0 events):
No events

Internal exceptions (0 events):
No events

VM Operations (0 events):
No events

Events (1 events):
Event: 0.007 Loaded shared library C:\Program Files\Eclipse\plugins\org.eclipse.justj.openjdk.hotspot.jre.full.win32.x86_64_17.0.3.v20220515-1416\jre\bin\java.dll


Dynamic libraries:
0x00007ff612110000 - 0x00007ff61211e000 	C:\Program Files\Eclipse\plugins\org.eclipse.justj.openjdk.hotspot.jre.full.win32.x86_64_17.0.3.v20220515-1416\jre\bin\javaw.exe
0x00007ffcf0fe0000 - 0x00007ffcf11e9000 	C:\Windows\SYSTEM32\ntdll.dll
0x00007ffcf01c0000 - 0x00007ffcf027d000 	C:\Windows\System32\KERNEL32.DLL
0x00007ffceeae0000 - 0x00007ffceee5b000 	C:\Windows\System32\KERNELBASE.dll
0x00007ffcee860000 - 0x00007ffcee971000 	C:\Windows\System32\ucrtbase.dll
0x00007ffcdf260000 - 0x00007ffcdf278000 	C:\Program Files\Eclipse\plugins\org.eclipse.justj.openjdk.hotspot.jre.full.win32.x86_64_17.0.3.v20220515-1416\jre\bin\jli.dll
0x00007ffcf02f0000 - 0x00007ffcf049d000 	C:\Windows\System32\USER32.dll
0x00007ffcee9f0000 - 0x00007ffceea16000 	C:\Windows\System32\win32u.dll
0x00007ffcefc40000 - 0x00007ffcefc69000 	C:\Windows\System32\GDI32.dll
0x00007ffcee620000 - 0x00007ffcee738000 	C:\Windows\System32\gdi32full.dll
0x00007ffcee7c0000 - 0x00007ffcee85d000 	C:\Windows\System32\msvcp_win.dll
0x00007ffce1ba0000 - 0x00007ffce1bb9000 	C:\Program Files\Eclipse\plugins\org.eclipse.justj.openjdk.hotspot.jre.full.win32.x86_64_17.0.3.v20220515-1416\jre\bin\VCRUNTIME140.dll
0x00007ffccdc20000 - 0x00007ffccdec5000 	C:\Windows\WinSxS\amd64_microsoft.windows.common-controls_6595b64144ccf1df_6.0.22000.120_none_9d947278b86cc467\COMCTL32.dll
0x00007ffceff20000 - 0x00007ffceffc3000 	C:\Windows\System32\msvcrt.dll
0x00007ffcefd90000 - 0x00007ffcefdc1000 	C:\Windows\System32\IMM32.DLL
0x00007ffcdf320000 - 0x00007ffcdf32c000 	C:\Program Files\Eclipse\plugins\org.eclipse.justj.openjdk.hotspot.jre.full.win32.x86_64_17.0.3.v20220515-1416\jre\bin\vcruntime140_1.dll
0x00007ffcd35f0000 - 0x00007ffcd3681000 	C:\Program Files\Eclipse\plugins\org.eclipse.justj.openjdk.hotspot.jre.full.win32.x86_64_17.0.3.v20220515-1416\jre\bin\msvcp140.dll
0x00007ffcbad90000 - 0x00007ffcbb9d8000 	C:\Program Files\Eclipse\plugins\org.eclipse.justj.openjdk.hotspot.jre.full.win32.x86_64_17.0.3.v20220515-1416\jre\bin\server\jvm.dll
0x00007ffcefe60000 - 0x00007ffceff0e000 	C:\Windows\System32\ADVAPI32.dll
0x00007ffcefba0000 - 0x00007ffcefc3e000 	C:\Windows\System32\sechost.dll
0x00007ffcf0650000 - 0x00007ffcf0770000 	C:\Windows\System32\RPCRT4.dll
0x00007ffceffd0000 - 0x00007ffceffd8000 	C:\Windows\System32\PSAPI.DLL
0x00007ffce6210000 - 0x00007ffce6219000 	C:\Windows\SYSTEM32\WSOCK32.dll
0x00007ffcf0280000 - 0x00007ffcf02ef000 	C:\Windows\System32\WS2_32.dll
0x00007ffce5410000 - 0x00007ffce5443000 	C:\Windows\SYSTEM32\WINMM.dll
0x00007ffce4450000 - 0x00007ffce445a000 	C:\Windows\SYSTEM32\VERSION.dll
0x00007ffced530000 - 0x00007ffced548000 	C:\Windows\SYSTEM32\kernel.appcore.dll
0x00007ffcdf310000 - 0x00007ffcdf31a000 	C:\Program Files\Eclipse\plugins\org.eclipse.justj.openjdk.hotspot.jre.full.win32.x86_64_17.0.3.v20220515-1416\jre\bin\jimage.dll
0x00007ffcdf3d0000 - 0x00007ffcdf5f1000 	C:\Windows\SYSTEM32\DBGHELP.DLL
0x00007ffcdf390000 - 0x00007ffcdf3c1000 	C:\Windows\SYSTEM32\dbgcore.DLL
0x00007ffcee740000 - 0x00007ffcee7bf000 	C:\Windows\System32\bcryptPrimitives.dll
0x00007ffcda950000 - 0x00007ffcda975000 	C:\Program Files\Eclipse\plugins\org.eclipse.justj.openjdk.hotspot.jre.full.win32.x86_64_17.0.3.v20220515-1416\jre\bin\java.dll

dbghelp: loaded successfully - version: 4.0.5 - missing functions: none
symbol engine: initialized successfully - sym options: 0x614 - pdb path: .;C:\Program Files\Eclipse\plugins\org.eclipse.justj.openjdk.hotspot.jre.full.win32.x86_64_17.0.3.v20220515-1416\jre\bin;C:\Windows\SYSTEM32;C:\Windows\WinSxS\amd64_microsoft.windows.common-controls_6595b64144ccf1df_6.0.22000.120_none_9d947278b86cc467;C:\Program Files\Eclipse\plugins\org.eclipse.justj.openjdk.hotspot.jre.full.win32.x86_64_17.0.3.v20220515-1416\jre\bin\server

VM Arguments:
jvm_args: -Dfile.encoding=UTF-8 --module-path=C:\Users\CS219-user\git\CelebrityCompatibility\bin;C:\JavaFX\javafx-sdk-16\lib\javafx-swt.jar;C:\JavaFX\javafx-sdk-16\lib\javafx.base.jar;C:\JavaFX\javafx-sdk-16\lib\javafx.controls.jar;C:\JavaFX\javafx-sdk-16\lib\javafx.fxml.jar;C:\JavaFX\javafx-sdk-16\lib\javafx.graphics.jar;C:\JavaFX\javafx-sdk-16\lib\javafx.media.jar;C:\JavaFX\javafx-sdk-16\lib\javafx.swing.jar;C:\JavaFX\javafx-sdk-16\lib\javafx.web.jar;C:\Program Files\Eclipse\plugins\org.eclipse.fx.ide.css.jfx8_3.8.0.202204150904.jar -XX:+ShowCodeDetailsInExceptionMessages -Djdk.module.main=CelebrityCompatibilityTest 
java_command: CelebrityCompatibilityTest/application.main
java_class_path (initial): <not set>
Launcher Type: SUN_STANDARD

[Global flags]
     intx CICompilerCount                          = 2                                         {product} {ergonomic}
     uint ConcGCThreads                            = 1                                         {product} {ergonomic}
     uint G1ConcRefinementThreads                  = 2                                         {product} {ergonomic}
   size_t G1HeapRegionSize                         = 1048576                                   {product} {ergonomic}
    uintx GCDrainStackTargetSize                   = 64                                        {product} {ergonomic}
   size_t InitialHeapSize                          = 67108864                                  {product} {ergonomic}
   size_t MarkStackSize                            = 4194304                                   {product} {ergonomic}
   size_t MaxHeapSize                              = 1073741824                                {product} {ergonomic}
   size_t MinHeapDeltaBytes                        = 1048576                                   {product} {ergonomic}
   size_t MinHeapSize                              = 8388608                                   {product} {ergonomic}
    uintx NonNMethodCodeHeapSize                   = 5826188                                {pd product} {ergonomic}
    uintx NonProfiledCodeHeapSize                  = 122916026                              {pd product} {ergonomic}
    uintx ProfiledCodeHeapSize                     = 122916026                              {pd product} {ergonomic}
    uintx ReservedCodeCacheSize                    = 251658240                              {pd product} {ergonomic}
     bool SegmentedCodeCache                       = true                                      {product} {ergonomic}
     bool ShowCodeDetailsInExceptionMessages       = true                                   {manageable} {command line}
   size_t SoftMaxHeapSize                          = 1073741824                             {manageable} {ergonomic}
     bool UseCompressedClassPointers               = true                           {product lp64_product} {ergonomic}
     bool UseCompressedOops                        = true                           {product lp64_product} {ergonomic}
     bool UseG1GC                                  = true                                      {product} {ergonomic}
     bool UseLargePagesIndividualAllocation        = false                                  {pd product} {ergonomic}

Logging:
Log output configuration:
 #0: stdout all=warning uptime,level,tags
 #1: stderr all=off uptime,level,tags

Environment Variables:
PATH=C:/Program Files/eclipse//plugins/org.eclipse.justj.openjdk.hotspot.jre.full.win32.x86_64_17.0.3.v20220515-1416/jre/bin/server;C:/Program Files/eclipse//plugins/org.eclipse.justj.openjdk.hotspot.jre.full.win32.x86_64_17.0.3.v20220515-1416/jre/bin;C:\Program Files\Common Files\Oracle\Java\javapath;C:\Windows\system32;C:\Windows;C:\Windows\System32\Wbem;C:\Windows\System32\WindowsPowerShell\v1.0\;C:\Windows\System32\OpenSSH\;C:\Users\CS219-user\AppData\Local\Microsoft\WindowsApps;;C:\Program Files\eclipse;
USERNAME=CS219-user
OS=Windows_NT
PROCESSOR_IDENTIFIER=Intel64 Family 6 Model 85 Stepping 7, GenuineIntel



---------------  S Y S T E M  ---------------

OS:
 Windows 11 , 64 bit Build 22000 (10.0.22000.708)
OS uptime: 0 days 3:10 hours
Hyper-V virtualization detected

CPU: total 2 (initial active 2) (1 cores per cpu, 2 threads per core) family 6 model 85 stepping 7 microcode 0xffffffff, cx8, cmov, fxsr, ht, mmx, 3dnowpref, sse, sse2, sse3, ssse3, sse4.1, sse4.2, popcnt, lzcnt, tsc, avx, avx2, aes, erms, clmul, bmi1, bmi2, rtm, adx, avx512f, avx512dq, avx512cd, avx512bw, avx512vl, fma, vzeroupper, clflush, clflushopt, hv

Memory: 4k page, system-wide physical 4094M (383M free)
TotalPageFile size 6142M (AvailPageFile size 22M)
current process WorkingSet (physical memory assigned to process): 10M, peak: 10M
current process commit charge ("private bytes"): 47M, peak: 111M

vm_info: OpenJDK 64-Bit Server VM (17.0.3+7) for windows-amd64 JRE (17.0.3+7), built on Apr 19 2022 16:55:35 by "" with MS VC++ 16.7 (VS2019)

END.
